yarn run v1.22.22
$ ./scripts/test-confidential-transfer.sh
[1m╔══════════════════════════════════════════════════════════════╗[0m
[1m║  SSS-3 Confidential Transfer — End-to-End Integration Test ║[0m
[1m╚══════════════════════════════════════════════════════════════╝[0m
  [1;33m→ All required tools found[0m

[1m── Phase 1: SSS-3 program initializes ConfidentialTransferMint ──[0m

[0;36m[1/8][0m [1mRunning SSS-3 anchor test (CT extension verification)[0m
  ConfidentialTransferMint extension verified on SSS-3 mint (raw TLV scan)
    ✔ SSS-3 mint has ConfidentialTransferMint extension
  134 passing (2m)
  [0;32m✓ SSS-3 ConfidentialTransferMint extension verified via anchor test[0m

[1m── Phase 2: Full confidential transfer flow (Token-2022 v10) ──[0m

[0;36m[2/8][0m [1mBuilding Token-2022 v10.0.0 with zk-ops[0m
  [1;33m→ Using cached build[0m
  [0;32m✓ Token-2022 v10.0.0 already built[0m

[0;36m[3/8][0m [1mStarting test validator with Token-2022 v10 (zk-ops)[0m
Waiting for fees to stabilize 1...
Waiting for fees to stabilize 2...
  [0;32m✓ Validator running (PID 27718)[0m

[0;36m[4/8][0m [1mCreating CT-enabled mint and configuring accounts[0m
  [1;33m→ Mint: 21NkQndVq5TvHeHRc1ayYBeZuqQ4Cca5cGzz7VqEvahe[0m
  [0;32m✓ Mint created, accounts configured with ElGamal keys[0m

[0;36m[5/8][0m [1mDepositing 100 tokens into confidential balance[0m
  [0;32m✓ 100 tokens deposited into encrypted balance[0m

[0;36m[6/8][0m [1mConfidential transfer: 50 tokens → recipient (ZK proofs)[0m
  [0;32m✓ Confidential transfer succeeded — ZK proofs verified on-chain[0m

[0;36m[7/8][0m [1mWithdrawing 25 tokens from confidential balance[0m
  [0;32m✓ 25 tokens withdrawn back to public balance[0m

[0;36m[8/8][0m [1mVerifying final balances[0m
  [1;33m→ Sender public balance:    900 (expected: 900)[0m
  [1;33m→ Recipient public balance: 25 (expected: 25)[0m
  [0;32m✓ Final balances correct[0m

[1m══════════════════════════════════════════════════════════════[0m
[0;32m[1m  All 8/8 checks passed[0m

  Phase 1: SSS-3 program creates ConfidentialTransferMint mints
  Phase 2: deposit → confidential transfer (ZK) → withdraw

[0;32m[1m  SSS-3 confidential transfer flow verified ✓[0m
[1m══════════════════════════════════════════════════════════════[0m


  [1;33m→ Stopping test validator (PID 27718)...[0m
  [1;33m→ Restored Solana config to https://api.devnet.solana.com[0m
Done in 126.35s.
